\BOOKMARK [1][-]{section.0.1}{11.08.2020 - Isomorfismos de Grafos}{}% 1
\BOOKMARK [2][-]{subsection.0.1.1}{Definici\363n Isomorfismos}{section.0.1}% 2
\BOOKMARK [2][-]{subsection.0.1.2}{Grafos Isomorfos}{section.0.1}% 3
\BOOKMARK [2][-]{subsection.0.1.3}{Invariante}{section.0.1}% 4
\BOOKMARK [2][-]{subsection.0.1.4}{Teorema}{section.0.1}% 5
\BOOKMARK [2][-]{subsection.0.1.5}{Clases de isomorfismos}{section.0.1}% 6
\BOOKMARK [2][-]{subsection.0.1.6}{Grafos sin etiquetas}{section.0.1}% 7
\BOOKMARK [2][-]{subsection.0.1.7}{Pn}{section.0.1}% 8
\BOOKMARK [2][-]{subsection.0.1.8}{Cn}{section.0.1}% 9
\BOOKMARK [2][-]{subsection.0.1.9}{Wn}{section.0.1}% 10
\BOOKMARK [2][-]{subsection.0.1.10}{Kn}{section.0.1}% 11
\BOOKMARK [2][-]{subsection.0.1.11}{Km,n}{section.0.1}% 12
\BOOKMARK [2][-]{subsection.0.1.12}{Ejemplo - Grafos de n v\351rtices}{section.0.1}% 13
\BOOKMARK [2][-]{subsection.0.1.13}{Grafo Autocomplementario}{section.0.1}% 14
\BOOKMARK [2][-]{subsection.0.1.14}{Descomposic\363n}{section.0.1}% 15
\BOOKMARK [2][-]{subsection.0.1.15}{Ejercicio}{section.0.1}% 16
\BOOKMARK [2][-]{subsection.0.1.16}{Teorema}{section.0.1}% 17
\BOOKMARK [2][-]{subsection.0.1.17}{Grafo de Petersen}{section.0.1}% 18
\BOOKMARK [2][-]{subsection.0.1.18}{Cintura}{section.0.1}% 19
\BOOKMARK [2][-]{subsection.0.1.19}{Circunferencia}{section.0.1}% 20
